TN:
SF:src\api\server.ts
FN:47,getTaxonomy
FN:55,createServer
FN:64,(anonymous_3)
FN:82,(anonymous_4)
FN:99,(anonymous_5)
FN:131,(anonymous_6)
FN:194,(anonymous_7)
FN:210,(anonymous_8)
FN:283,(anonymous_9)
FN:291,(anonymous_10)
FN:329,(anonymous_11)
FN:393,(anonymous_12)
FN:433,(anonymous_13)
FN:551,(anonymous_14)
FNF:14
FNH:14
FNDA:27,getTaxonomy
FNDA:3,createServer
FNDA:50,(anonymous_3)
FNDA:6,(anonymous_4)
FNDA:3,(anonymous_5)
FNDA:7,(anonymous_6)
FNDA:8,(anonymous_7)
FNDA:3,(anonymous_8)
FNDA:4,(anonymous_9)
FNDA:180,(anonymous_10)
FNDA:6,(anonymous_11)
FNDA:2,(anonymous_12)
FNDA:12,(anonymous_13)
FNDA:2,(anonymous_14)
DA:6,1
DA:7,1
DA:8,1
DA:9,1
DA:10,1
DA:45,1
DA:48,27
DA:49,1
DA:50,1
DA:52,27
DA:55,1
DA:56,3
DA:57,3
DA:60,3
DA:61,3
DA:64,3
DA:65,50
DA:66,50
DA:68,50
DA:69,3
DA:72,50
DA:82,3
DA:83,6
DA:93,6
DA:99,3
DA:100,3
DA:120,3
DA:131,3
DA:132,7
DA:133,7
DA:135,7
DA:136,7
DA:138,7
DA:139,7
DA:140,7
DA:141,7
DA:142,7
DA:144,7
DA:145,2
DA:156,5
DA:163,5
DA:174,5
DA:194,3
DA:195,8
DA:196,8
DA:198,8
DA:199,8
DA:205,8
DA:206,4
DA:207,4
DA:209,4
DA:210,4
DA:211,4
DA:214,8
DA:215,2
DA:233,6
DA:235,6
DA:237,6
DA:238,7
DA:239,7
DA:246,7
DA:253,6
DA:264,6
DA:283,3
DA:284,4
DA:285,4
DA:287,4
DA:288,4
DA:289,4
DA:291,4
DA:292,180
DA:293,180
DA:294,180
DA:303,4
DA:310,4
DA:329,3
DA:330,6
DA:331,6
DA:333,6
DA:334,6
DA:335,6
DA:337,6
DA:338,3
DA:349,3
DA:350,3
DA:351,3
DA:360,3
DA:374,3
DA:393,3
DA:394,2
DA:395,2
DA:397,2
DA:398,2
DA:399,2
DA:401,2
DA:411,2
DA:433,3
DA:434,12
DA:435,12
DA:437,12
DA:439,12
DA:441,12
DA:442,10
DA:452,10
DA:455,2
DA:551,3
DA:552,2
DA:561,2
DA:582,3
DA:589,1
LF:110
LH:110
BRDA:48,0,0,1
BRDA:48,0,1,26
BRDA:55,1,0,0
BRDA:68,2,0,3
BRDA:68,2,1,47
BRDA:85,3,0,6
BRDA:85,3,1,0
BRDA:102,4,0,3
BRDA:102,4,1,0
BRDA:132,5,0,7
BRDA:132,5,1,0
BRDA:138,6,0,7
BRDA:138,6,1,1
BRDA:139,7,0,1
BRDA:139,7,1,6
BRDA:140,8,0,7
BRDA:140,8,1,5
BRDA:141,9,0,7
BRDA:141,9,1,7
BRDA:144,10,0,2
BRDA:144,10,1,5
BRDA:144,11,0,7
BRDA:144,11,1,6
BRDA:157,12,0,1
BRDA:157,12,1,4
BRDA:195,13,0,8
BRDA:195,13,1,0
BRDA:205,14,0,4
BRDA:205,14,1,4
BRDA:206,15,0,4
BRDA:206,15,1,0
BRDA:210,16,0,2
BRDA:210,16,1,2
BRDA:211,17,0,0
BRDA:211,17,1,4
BRDA:214,18,0,2
BRDA:214,18,1,6
BRDA:246,19,0,1
BRDA:246,19,1,6
BRDA:284,20,0,4
BRDA:284,20,1,0
BRDA:296,21,0,180
BRDA:296,21,1,0
BRDA:297,22,0,136
BRDA:297,22,1,44
BRDA:299,23,0,180
BRDA:299,23,1,0
BRDA:330,24,0,6
BRDA:330,24,1,0
BRDA:337,25,0,3
BRDA:337,25,1,3
BRDA:337,26,0,6
BRDA:337,26,1,5
BRDA:337,26,2,4
BRDA:366,27,0,3
BRDA:366,27,1,0
BRDA:367,28,0,2
BRDA:367,28,1,1
BRDA:368,29,0,3
BRDA:368,29,1,0
BRDA:394,30,0,2
BRDA:394,30,1,0
BRDA:434,31,0,12
BRDA:434,31,1,0
BRDA:441,32,0,10
BRDA:441,32,1,2
BRDA:554,33,0,2
BRDA:554,33,1,0
BRF:68
BRH:52
end_of_record
TN:
SF:src\client\http\AjaxHelpers.ts
FN:28,createFormData
FN:42,createUrlEncodedBody
FN:53,addNavigationFields
FNF:3
FNH:3
FNDA:5,createFormData
FNDA:18,createUrlEncodedBody
FNDA:21,addNavigationFields
DA:5,3
DA:9,3
DA:16,3
DA:28,3
DA:29,5
DA:32,5
DA:33,9
DA:36,5
DA:42,3
DA:43,18
DA:44,18
DA:45,198
DA:47,18
DA:53,3
DA:58,21
LF:15
LH:15
BRF:0
BRH:0
end_of_record
TN:
SF:src\client\http\index.ts
FN:6,(anonymous_0)
FN:8,(anonymous_1)
FN:9,(anonymous_2)
FN:10,(anonymous_3)
FN:14,(anonymous_4)
FN:15,(anonymous_5)
FN:16,(anonymous_6)
FN:17,(anonymous_7)
FN:18,(anonymous_8)
FNF:9
FNH:7
FNDA:2,(anonymous_0)
FNDA:15,(anonymous_1)
FNDA:10,(anonymous_2)
FNDA:0,(anonymous_3)
FNDA:11,(anonymous_4)
FNDA:6,(anonymous_5)
FNDA:0,(anonymous_6)
FNDA:11,(anonymous_7)
FNDA:7,(anonymous_8)
DA:5,1
DA:6,3
DA:8,16
DA:9,11
DA:10,1
DA:13,1
DA:14,12
DA:15,7
DA:16,1
DA:17,12
DA:18,8
LF:11
LH:11
BRF:0
BRH:0
end_of_record
TN:
SF:src\client\services\TaxonomyService.ts
FN:32,normalizeText
FN:44,calculateSimilarity
FN:68,(anonymous_11)
FN:69,(anonymous_12)
FN:91,(anonymous_13)
FN:102,(anonymous_14)
FN:120,(anonymous_15)
FN:121,(anonymous_16)
FN:177,(anonymous_17)
FN:184,(anonymous_18)
FN:191,(anonymous_19)
FN:192,(anonymous_20)
FN:198,(anonymous_21)
FN:205,(anonymous_22)
FN:210,(anonymous_23)
FN:219,(anonymous_24)
FN:226,(anonymous_25)
FN:240,(anonymous_26)
FN:244,(anonymous_27)
FN:249,(anonymous_28)
FN:253,(anonymous_29)
FN:254,(anonymous_30)
FN:256,(anonymous_31)
FN:262,(anonymous_32)
FN:280,(anonymous_33)
FN:289,(anonymous_34)
FN:324,(anonymous_35)
FN:337,(anonymous_36)
FN:352,(anonymous_37)
FN:357,(anonymous_38)
FN:363,(anonymous_39)
FN:367,(anonymous_40)
FN:373,(anonymous_41)
FN:409,getTaxonomyService
FNF:34
FNH:34
FNDA:2367,normalizeText
FNDA:11551,calculateSimilarity
FNDA:11544,(anonymous_11)
FNDA:52374,(anonymous_12)
FNDA:4,(anonymous_13)
FNDA:5,(anonymous_14)
FNDA:3,(anonymous_15)
FNDA:2340,(anonymous_16)
FNDA:4,(anonymous_17)
FNDA:3,(anonymous_18)
FNDA:7,(anonymous_19)
FNDA:308,(anonymous_20)
FNDA:7,(anonymous_21)
FNDA:17,(anonymous_22)
FNDA:3,(anonymous_23)
FNDA:2,(anonymous_24)
FNDA:19,(anonymous_25)
FNDA:3108,(anonymous_26)
FNDA:1554,(anonymous_27)
FNDA:11551,(anonymous_28)
FNDA:11551,(anonymous_29)
FNDA:215,(anonymous_30)
FNDA:89,(anonymous_31)
FNDA:13,(anonymous_32)
FNDA:4,(anonymous_33)
FNDA:13,(anonymous_34)
FNDA:3,(anonymous_35)
FNDA:2,(anonymous_36)
FNDA:185,(anonymous_37)
FNDA:184,(anonymous_38)
FNDA:186,(anonymous_39)
FNDA:3385,(anonymous_40)
FNDA:6,(anonymous_41)
FNDA:3,getTaxonomyService
DA:15,2
DA:16,2
DA:24,2
DA:33,2367
DA:45,11551
DA:46,11551
DA:49,11551
DA:52,11544
DA:58,11544
DA:60,975
DA:61,975
DA:62,10569
DA:64,0
DA:68,11544
DA:69,52374
DA:71,11544
DA:72,10767
DA:73,10767
DA:74,10767
DA:76,47379
DA:77,47379
DA:78,76
DA:79,76
DA:84,10767
DA:85,10767
DA:88,11544
DA:91,2
DA:92,4
DA:93,4
DA:94,4
DA:95,4
DA:96,4
DA:103,5
DA:105,4
DA:107,4
DA:108,4
DA:109,3
DA:110,3
DA:111,3
DA:113,1
DA:121,3
DA:123,2340
DA:124,9
DA:125,9
DA:126,141
DA:129,9
DA:132,2331
DA:143,2331
DA:146,2331
DA:147,2331
DA:148,2322
DA:150,2331
DA:153,2331
DA:156,2331
DA:157,2331
DA:158,135
DA:160,2331
DA:164,2331
DA:165,588
DA:166,2196
DA:171,3
DA:178,4
DA:185,3
DA:192,308
DA:199,7
DA:206,17
DA:207,17
DA:209,17
DA:210,4
DA:213,13
DA:220,2
DA:232,19
DA:234,19
DA:237,19
DA:239,19
DA:240,3108
DA:243,19
DA:244,1554
DA:248,19
DA:249,11551
DA:253,11551
DA:254,215
DA:256,89
DA:264,13
DA:265,13
DA:266,8
DA:270,5
DA:276,5
DA:280,4
DA:294,13
DA:295,13
DA:298,13
DA:299,5
DA:303,13
DA:304,1
DA:305,1
DA:306,1
DA:308,1
DA:309,1
DA:314,13
DA:329,3
DA:330,3
DA:332,3
DA:333,8
DA:334,8
DA:336,8
DA:337,2
DA:341,3
DA:353,185
DA:354,185
DA:357,184
DA:364,186
DA:365,186
DA:367,3385
DA:379,6
DA:380,6
DA:381,6
DA:383,6
DA:384,4662
DA:385,4662
DA:387,4662
DA:388,3486
DA:390,1176
DA:394,6
DA:404,2
DA:409,2
DA:410,3
DA:411,1
DA:412,1
DA:414,3
LF:130
LH:129
BRDA:49,0,0,7
BRDA:49,0,1,11544
BRDA:58,1,0,975
BRDA:58,1,1,10569
BRDA:62,2,0,0
BRDA:62,2,1,10569
BRDA:71,3,0,10767
BRDA:71,3,1,777
BRDA:71,4,0,11544
BRDA:71,4,1,10767
BRDA:77,5,0,76
BRDA:77,5,1,47303
BRDA:103,6,0,1
BRDA:103,6,1,4
BRDA:105,7,0,4
BRDA:105,7,1,2
BRDA:123,8,0,9
BRDA:123,8,1,2331
BRDA:123,9,0,2340
BRDA:123,9,1,9
BRDA:123,9,2,6
BRDA:124,10,0,9
BRDA:124,10,1,0
BRDA:147,11,0,2322
BRDA:147,11,1,9
BRDA:156,12,0,2331
BRDA:156,12,1,0
BRDA:157,13,0,135
BRDA:157,13,1,2196
BRDA:164,14,0,588
BRDA:164,14,1,1743
BRDA:199,15,0,7
BRDA:199,15,1,1
BRDA:207,16,0,17
BRDA:207,16,1,6
BRDA:209,17,0,4
BRDA:209,17,1,13
BRDA:226,18,0,4
BRDA:229,19,0,13
BRDA:230,20,0,8
BRDA:231,21,0,8
BRDA:239,22,0,4
BRDA:239,22,1,15
BRDA:239,23,0,19
BRDA:239,23,1,4
BRDA:243,24,0,2
BRDA:243,24,1,17
BRDA:265,25,0,8
BRDA:265,25,1,5
BRDA:271,26,0,1
BRDA:271,26,1,4
BRDA:279,27,0,1
BRDA:279,27,1,4
BRDA:298,28,0,5
BRDA:298,28,1,8
BRDA:298,29,0,13
BRDA:298,29,1,10
BRDA:303,30,0,1
BRDA:303,30,1,12
BRDA:303,31,0,13
BRDA:303,31,1,1
BRDA:308,32,0,1
BRDA:308,32,1,0
BRDA:309,33,0,1
BRDA:309,33,1,0
BRDA:336,34,0,2
BRDA:336,34,1,6
BRDA:354,35,0,1
BRDA:354,35,1,184
BRDA:357,36,0,184
BRDA:357,36,1,184
BRDA:365,37,0,1
BRDA:365,37,1,185
BRDA:384,38,0,4662
BRDA:384,38,1,0
BRDA:385,39,0,4662
BRDA:385,39,1,270
BRDA:387,40,0,3486
BRDA:387,40,1,1176
BRDA:410,41,0,1
BRDA:410,41,1,2
BRF:81
BRH:75
end_of_record
TN:
SF:src\client\services\index.ts
FN:5,(anonymous_0)
FN:6,(anonymous_1)
FN:7,(anonymous_2)
FN:7,(anonymous_3)
FNF:4
FNH:2
FNDA:2,(anonymous_0)
FNDA:2,(anonymous_1)
FNDA:0,(anonymous_2)
FNDA:0,(anonymous_3)
DA:5,3
DA:6,3
DA:7,1
LF:3
LH:3
BRF:0
BRH:0
end_of_record
TN:
SF:src\client\session\SessionManager.ts
FN:28,(anonymous_0)
FN:34,(anonymous_1)
FN:49,(anonymous_2)
FN:57,(anonymous_3)
FN:67,(anonymous_4)
FN:74,(anonymous_5)
FN:81,(anonymous_6)
FN:89,(anonymous_7)
FN:96,(anonymous_8)
FN:103,(anonymous_9)
FN:110,(anonymous_10)
FN:117,(anonymous_11)
FN:124,(anonymous_12)
FN:131,(anonymous_13)
FN:139,(anonymous_14)
FNF:15
FNH:15
FNDA:44,(anonymous_0)
FNDA:31,(anonymous_1)
FNDA:3,(anonymous_2)
FNDA:158,(anonymous_3)
FNDA:3,(anonymous_4)
FNDA:32,(anonymous_5)
FNDA:13,(anonymous_6)
FNDA:11,(anonymous_7)
FNDA:28,(anonymous_8)
FNDA:16,(anonymous_9)
FNDA:18,(anonymous_10)
FNDA:7,(anonymous_11)
FNDA:7,(anonymous_12)
FNDA:6,(anonymous_13)
FNDA:15,(anonymous_14)
DA:6,2
DA:28,2
DA:29,44
DA:36,31
DA:38,31
DA:50,3
DA:58,158
DA:59,12
DA:61,146
DA:68,3
DA:75,32
DA:82,13
DA:83,12
DA:90,11
DA:97,28
DA:104,16
DA:111,18
DA:118,7
DA:125,7
DA:132,6
DA:140,15
DA:142,14
DA:143,14
LF:23
LH:23
BRDA:58,0,0,12
BRDA:58,0,1,146
BRF:2
BRH:2
end_of_record
TN:
SF:src\client\session\TokenExtractor.ts
FN:12,(anonymous_9)
FN:19,(anonymous_10)
FN:95,(anonymous_11)
FN:106,(anonymous_12)
FN:134,(anonymous_13)
FNF:5
FNH:5
FNDA:32,(anonymous_9)
FNDA:16,(anonymous_10)
FNDA:5,(anonymous_11)
FNDA:14,(anonymous_12)
FNDA:6,(anonymous_13)
DA:5,2
DA:9,2
DA:13,32
DA:20,16
DA:23,16
DA:24,16
DA:25,2
DA:27,16
DA:29,1
DA:35,16
DA:36,1
DA:37,1
DA:42,15
DA:43,15
DA:45,4
DA:47,15
DA:49,2
DA:51,15
DA:53,1
DA:55,15
DA:56,1
DA:61,14
DA:64,14
DA:65,14
DA:66,11
DA:67,11
DA:71,14
DA:72,3
DA:76,14
DA:77,2
DA:78,2
DA:79,1
DA:80,1
DA:84,14
DA:85,1
DA:86,1
DA:89,14
DA:96,5
DA:97,5
DA:98,1
DA:100,4
DA:107,14
DA:110,14
DA:111,14
DA:112,11
DA:116,14
DA:117,14
DA:118,11
DA:122,14
DA:123,14
DA:124,11
DA:127,14
DA:135,6
DA:138,6
DA:140,6
DA:141,1
DA:142,1
DA:143,1
DA:144,1
DA:148,6
DA:149,6
DA:150,7
DA:151,7
DA:152,7
DA:153,6
DA:154,6
DA:161,6
DA:162,0
DA:163,0
DA:164,0
DA:165,0
DA:166,0
DA:173,6
DA:174,1
DA:175,1
DA:176,1
DA:177,0
DA:178,0
DA:193,6
LF:79
LH:72
BRDA:24,0,0,2
BRDA:24,0,1,14
BRDA:27,1,0,1
BRDA:27,1,1,15
BRDA:35,2,0,1
BRDA:35,2,1,15
BRDA:43,3,0,4
BRDA:43,3,1,11
BRDA:47,4,0,2
BRDA:47,4,1,13
BRDA:47,5,0,15
BRDA:47,5,1,4
BRDA:49,6,0,1
BRDA:49,6,1,1
BRDA:51,7,0,1
BRDA:51,7,1,14
BRDA:51,8,0,15
BRDA:51,8,1,2
BRDA:55,9,0,1
BRDA:55,9,1,14
BRDA:65,10,0,11
BRDA:65,10,1,3
BRDA:71,11,0,3
BRDA:71,11,1,11
BRDA:72,12,0,3
BRDA:72,12,1,2
BRDA:76,13,0,2
BRDA:76,13,1,12
BRDA:78,14,0,1
BRDA:78,14,1,1
BRDA:84,15,0,1
BRDA:84,15,1,13
BRDA:97,16,0,1
BRDA:97,16,1,4
BRDA:111,17,0,11
BRDA:111,17,1,3
BRDA:117,18,0,11
BRDA:117,18,1,3
BRDA:123,19,0,11
BRDA:123,19,1,3
BRDA:142,20,0,1
BRDA:142,20,1,0
BRDA:151,21,0,7
BRDA:151,21,1,1
BRDA:152,22,0,6
BRDA:152,22,1,1
BRDA:163,23,0,0
BRDA:163,23,1,0
BRDA:164,24,0,0
BRDA:164,24,1,0
BRDA:175,25,0,1
BRDA:175,25,1,0
BRDA:176,26,0,0
BRDA:176,26,1,1
BRF:54
BRH:47
end_of_record
TN:
SF:src\client\session\index.ts
FN:5,(anonymous_0)
FN:6,(anonymous_1)
FNF:2
FNH:2
FNDA:2,(anonymous_0)
FNDA:2,(anonymous_1)
DA:5,3
DA:6,3
LF:2
LH:2
BRF:0
BRH:0
end_of_record
TN:
SF:src\client\steps\index.ts
FN:5,(anonymous_0)
FN:6,(anonymous_1)
FN:7,(anonymous_2)
FN:8,(anonymous_3)
FN:9,(anonymous_4)
FN:10,(anonymous_5)
FN:11,(anonymous_6)
FN:12,(anonymous_7)
FN:13,(anonymous_8)
FNF:9
FNH:8
FNDA:0,(anonymous_0)
FNDA:2,(anonymous_1)
FNDA:2,(anonymous_2)
FNDA:2,(anonymous_3)
FNDA:2,(anonymous_4)
FNDA:2,(anonymous_5)
FNDA:2,(anonymous_6)
FNDA:2,(anonymous_7)
FNDA:2,(anonymous_8)
DA:5,1
DA:6,3
DA:7,3
DA:8,3
DA:9,3
DA:10,3
DA:11,3
DA:12,3
DA:13,3
LF:9
LH:9
BRF:0
BRH:0
end_of_record
TN:
SF:src\client\utils\CountryMapper.ts
FN:29,getCountryDisplayName
FNF:1
FNH:1
FNDA:26,getCountryDisplayName
DA:8,2
DA:29,2
DA:30,26
LF:3
LH:3
BRDA:30,0,0,26
BRDA:30,0,1,14
BRF:2
BRH:2
end_of_record
TN:
SF:src\client\utils\DebugLogger.ts
FN:17,(anonymous_9)
FN:25,(anonymous_10)
FN:34,(anonymous_11)
FN:43,(anonymous_12)
FN:57,(anonymous_13)
FN:64,(anonymous_14)
FNF:6
FNH:6
FNDA:66,(anonymous_9)
FNDA:110,(anonymous_10)
FNDA:20,(anonymous_11)
FNDA:30,(anonymous_12)
FNDA:4,(anonymous_13)
FNDA:4,(anonymous_14)
DA:5,3
DA:6,3
DA:13,3
DA:18,66
DA:19,66
DA:26,110
DA:27,27
DA:35,20
DA:36,13
DA:44,30
DA:45,17
DA:46,17
DA:47,17
DA:48,17
DA:58,4
DA:65,4
LF:16
LH:16
BRDA:26,0,0,27
BRDA:26,0,1,83
BRDA:27,1,0,27
BRDA:27,1,1,23
BRDA:35,2,0,13
BRDA:35,2,1,7
BRDA:44,3,0,13
BRDA:44,3,1,17
BRF:8
BRH:8
end_of_record
TN:
SF:src\client\utils\LegalFormMapper.ts
FN:35,mapLegalForm
FNF:1
FNH:1
FNDA:26,mapLegalForm
DA:8,2
DA:35,2
DA:36,26
LF:3
LH:3
BRDA:36,0,0,26
BRDA:36,0,1,7
BRF:2
BRH:2
end_of_record
TN:
SF:src\client\utils\LevenshteinDistance.ts
FN:30,levenshteinDistance
FN:143,levenshteinSimilarity
FN:197,normalizeForComparison
FN:220,findBestMatches
FN:282,(anonymous_4)
FN:296,findClosestMatch
FNF:6
FNH:6
FNDA:58191,levenshteinDistance
FNDA:59021,levenshteinSimilarity
FNDA:23244,normalizeForComparison
FNDA:14,findBestMatches
FNDA:46,(anonymous_4)
FNDA:7,findClosestMatch
DA:30,3
DA:36,58191
DA:37,58191
DA:40,58191
DA:42,58189
DA:43,58189
DA:46,58189
DA:47,58187
DA:50,58185
DA:51,36146
DA:55,22039
DA:56,22039
DA:57,22039
DA:58,22039
DA:60,22039
DA:61,6705
DA:62,6705
DA:63,6705
DA:64,6705
DA:69,22039
DA:70,22039
DA:71,22039
DA:74,22039
DA:75,211176
DA:79,22039
DA:81,229468
DA:82,2716203
DA:85,229468
DA:86,229468
DA:89,229468
DA:91,229468
DA:92,2486735
DA:95,2486735
DA:98,2486735
DA:99,2486735
DA:100,2486735
DA:102,2486735
DA:106,2486735
DA:107,2090169
DA:108,2090169
DA:111,2090169
DA:112,8690
DA:113,8690
DA:117,2486735
DA:118,2486735
DA:122,229468
DA:123,20970
DA:127,208498
DA:128,2517170
DA:132,1069
DA:143,3
DA:153,59021
DA:155,59021
DA:156,59021
DA:159,59021
DA:160,8
DA:161,8
DA:165,59021
DA:168,58956
DA:169,785
DA:172,58171
DA:177,58171
DA:181,58171
DA:184,58171
DA:185,57485
DA:188,686
DA:197,3
DA:198,23244
DA:220,3
DA:232,14
DA:234,14
DA:236,14
DA:238,14
DA:239,78
DA:240,78
DA:246,78
DA:247,78
DA:250,78
DA:251,78
DA:252,93
DA:253,87
DA:254,141
DA:255,10
DA:256,10
DA:259,87
DA:263,78
DA:269,78
DA:270,78
DA:271,24
DA:272,54
DA:273,0
DA:276,78
DA:277,37
DA:282,46
DA:284,14
DA:296,3
DA:301,7
DA:303,7
DA:304,7
DA:306,7
DA:307,15
DA:310,15
DA:311,3
DA:314,12
DA:319,12
DA:320,1
DA:321,1
DA:324,1
DA:328,4
LF:109
LH:108
BRDA:33,0,0,17
BRDA:36,1,0,58191
BRDA:36,1,1,3
BRDA:37,2,0,58191
BRDA:37,2,1,3
BRDA:40,3,0,2
BRDA:40,3,1,58189
BRDA:46,4,0,2
BRDA:46,4,1,58187
BRDA:47,5,0,2
BRDA:47,5,1,58185
BRDA:50,6,0,36146
BRDA:50,6,1,22039
BRDA:60,7,0,6705
BRDA:60,7,1,15334
BRDA:95,8,0,121151
BRDA:95,8,1,2365584
BRDA:106,9,0,2090169
BRDA:106,9,1,396566
BRDA:106,10,0,2486735
BRDA:106,10,1,2297598
BRDA:111,11,0,8690
BRDA:111,11,1,2081479
BRDA:111,12,0,2090169
BRDA:111,12,1,96840
BRDA:122,13,0,20970
BRDA:122,13,1,208498
BRDA:146,14,0,6
BRDA:153,15,0,7
BRDA:153,16,0,7
BRDA:155,17,0,59021
BRDA:155,17,1,784
BRDA:156,18,0,59021
BRDA:156,18,1,1
BRDA:159,19,0,8
BRDA:159,19,1,59013
BRDA:165,20,0,65
BRDA:165,20,1,58956
BRDA:168,21,0,785
BRDA:168,21,1,58171
BRDA:168,22,0,58956
BRDA:168,22,1,58172
BRDA:177,23,0,58168
BRDA:177,23,1,3
BRDA:184,24,0,57485
BRDA:184,24,1,686
BRDA:185,25,0,57485
BRDA:185,25,1,0
BRDA:223,26,0,11
BRDA:232,27,0,12
BRDA:232,28,0,13
BRDA:232,29,0,14
BRDA:234,30,0,14
BRDA:234,30,1,0
BRDA:240,31,0,78
BRDA:240,31,1,0
BRDA:252,32,0,6
BRDA:252,32,1,87
BRDA:254,33,0,10
BRDA:254,33,1,131
BRDA:254,34,0,141
BRDA:254,34,1,131
BRDA:259,35,0,10
BRDA:259,35,1,77
BRDA:264,36,0,10
BRDA:264,36,1,68
BRDA:270,37,0,24
BRDA:270,37,1,54
BRDA:272,38,0,0
BRDA:272,38,1,54
BRDA:276,39,0,37
BRDA:276,39,1,41
BRDA:299,40,0,5
BRDA:310,41,0,3
BRDA:310,41,1,12
BRDA:319,42,0,1
BRDA:319,42,1,11
BRDA:324,43,0,0
BRDA:324,43,1,1
BRF:79
BRH:74
end_of_record
TN:
SF:src\client\utils\index.ts
FN:5,(anonymous_0)
FN:6,(anonymous_1)
FN:6,(anonymous_2)
FN:7,(anonymous_3)
FN:7,(anonymous_4)
FN:9,(anonymous_5)
FN:10,(anonymous_6)
FN:11,(anonymous_7)
FN:12,(anonymous_8)
FN:13,(anonymous_9)
FNF:10
FNH:1
FNDA:2,(anonymous_0)
FNDA:0,(anonymous_1)
FNDA:0,(anonymous_2)
FNDA:0,(anonymous_3)
FNDA:0,(anonymous_4)
FNDA:0,(anonymous_5)
FNDA:0,(anonymous_6)
FNDA:0,(anonymous_7)
FNDA:0,(anonymous_8)
FNDA:0,(anonymous_9)
DA:5,3
DA:6,1
DA:7,1
DA:8,1
DA:9,1
DA:10,1
DA:11,1
DA:12,1
DA:13,1
LF:9
LH:9
BRF:0
BRH:0
end_of_record
TN:
SF:src\types\dpma.ts
FN:11,(anonymous_0)
FN:17,(anonymous_1)
FN:34,(anonymous_2)
FN:40,(anonymous_3)
FN:46,(anonymous_4)
FNF:5
FNH:5
FNDA:2,(anonymous_0)
FNDA:2,(anonymous_1)
FNDA:2,(anonymous_2)
FNDA:2,(anonymous_3)
FNDA:2,(anonymous_4)
DA:11,2
DA:12,2
DA:13,2
DA:17,2
DA:18,2
DA:19,2
DA:20,2
DA:21,2
DA:22,2
DA:23,2
DA:24,2
DA:25,2
DA:26,2
DA:27,2
DA:28,2
DA:29,2
DA:30,2
DA:34,2
DA:35,2
DA:36,2
DA:40,2
DA:41,2
DA:42,2
DA:46,2
DA:47,2
DA:48,2
DA:628,2
DA:639,2
LF:28
LH:28
BRDA:11,0,0,2
BRDA:11,0,1,2
BRDA:17,1,0,2
BRDA:17,1,1,2
BRDA:34,2,0,2
BRDA:34,2,1,2
BRDA:40,3,0,2
BRDA:40,3,1,2
BRDA:46,4,0,2
BRDA:46,4,1,2
BRF:10
BRH:10
end_of_record
TN:
SF:src\validation\validateRequest.ts
FN:28,isValidEmail
FN:36,isValidCountryCode
FN:43,isValidGermanZip
FN:50,isValidIBAN
FN:58,isValidBIC
FN:65,isValidNiceClass
FN:72,validateTrademarkRequest
FN:212,(anonymous_7)
FN:221,(anonymous_8)
FN:232,(anonymous_9)
FN:285,isValidRequest
FNF:11
FNH:9
FNDA:104,isValidEmail
FNDA:101,isValidCountryCode
FNDA:92,isValidGermanZip
FNDA:0,isValidIBAN
FNDA:0,isValidBIC
FNDA:162,isValidNiceClass
FNDA:114,validateTrademarkRequest
FNDA:156,(anonymous_7)
FNDA:156,(anonymous_8)
FNDA:8,(anonymous_9)
FNDA:12,isValidRequest
DA:6,2
DA:29,104
DA:30,104
DA:37,101
DA:44,92
DA:51,0
DA:52,0
DA:59,0
DA:66,162
DA:72,2
DA:73,114
DA:76,114
DA:77,3
DA:83,111
DA:88,111
DA:89,7
DA:91,104
DA:93,104
DA:94,2
DA:100,104
DA:101,95
DA:103,95
DA:104,2
DA:106,95
DA:107,2
DA:109,9
DA:110,7
DA:112,7
DA:113,2
DA:118,104
DA:119,2
DA:121,102
DA:123,102
DA:124,1
DA:126,102
DA:127,1
DA:128,101
DA:129,3
DA:131,102
DA:132,1
DA:134,102
DA:135,1
DA:136,101
DA:137,4
DA:145,111
DA:146,95
DA:147,2
DA:149,93
DA:150,1
DA:152,93
DA:153,1
DA:161,111
DA:162,7
DA:163,104
DA:164,6
DA:170,111
DA:171,6
DA:173,105
DA:175,105
DA:176,1
DA:182,105
DA:183,97
DA:184,2
DA:185,95
DA:186,1
DA:190,105
DA:191,4
DA:192,1
DA:196,105
DA:198,1
DA:199,1
DA:207,111
DA:208,7
DA:209,104
DA:210,2
DA:212,102
DA:213,156
DA:214,1
DA:215,155
DA:216,4
DA:221,156
DA:222,102
DA:223,102
DA:224,1
DA:229,111
DA:230,7
DA:231,2
DA:232,8
DA:233,1
DA:240,111
DA:241,7
DA:242,104
DA:243,2
DA:250,111
DA:251,8
DA:252,1
DA:254,7
DA:255,2
DA:258,7
DA:259,1
DA:263,7
DA:264,1
DA:272,111
DA:273,8
DA:276,111
DA:285,2
DA:289,12
LF:107
LH:104
BRDA:66,0,0,162
BRDA:66,0,1,161
BRDA:66,0,2,159
BRDA:76,1,0,3
BRDA:76,1,1,111
BRDA:76,2,0,114
BRDA:76,2,1,112
BRDA:88,3,0,7
BRDA:88,3,1,104
BRDA:93,4,0,2
BRDA:93,4,1,102
BRDA:93,5,0,104
BRDA:93,5,1,104
BRDA:100,6,0,95
BRDA:100,6,1,9
BRDA:103,7,0,2
BRDA:103,7,1,93
BRDA:106,8,0,2
BRDA:106,8,1,93
BRDA:109,9,0,7
BRDA:109,9,1,2
BRDA:112,10,0,2
BRDA:112,10,1,5
BRDA:118,11,0,2
BRDA:118,11,1,102
BRDA:123,12,0,1
BRDA:123,12,1,101
BRDA:126,13,0,1
BRDA:126,13,1,101
BRDA:128,14,0,3
BRDA:128,14,1,98
BRDA:128,15,0,101
BRDA:128,15,1,92
BRDA:131,16,0,1
BRDA:131,16,1,101
BRDA:134,17,0,1
BRDA:134,17,1,101
BRDA:136,18,0,4
BRDA:136,18,1,97
BRDA:145,19,0,95
BRDA:145,19,1,16
BRDA:146,20,0,2
BRDA:146,20,1,93
BRDA:149,21,0,1
BRDA:149,21,1,92
BRDA:152,22,0,1
BRDA:152,22,1,92
BRDA:161,23,0,7
BRDA:161,23,1,104
BRDA:163,24,0,6
BRDA:163,24,1,98
BRDA:170,25,0,6
BRDA:170,25,1,105
BRDA:175,26,0,1
BRDA:175,26,1,104
BRDA:175,27,0,105
BRDA:175,27,1,105
BRDA:182,28,0,97
BRDA:182,28,1,8
BRDA:183,29,0,2
BRDA:183,29,1,95
BRDA:183,30,0,97
BRDA:183,30,1,96
BRDA:185,31,0,1
BRDA:185,31,1,94
BRDA:190,32,0,4
BRDA:190,32,1,101
BRDA:191,33,0,1
BRDA:191,33,1,3
BRDA:191,34,0,4
BRDA:191,34,1,3
BRDA:196,35,0,1
BRDA:196,35,1,104
BRDA:198,36,0,1
BRDA:198,36,1,0
BRDA:198,37,0,1
BRDA:198,37,1,0
BRDA:207,38,0,7
BRDA:207,38,1,104
BRDA:207,39,0,111
BRDA:207,39,1,105
BRDA:209,40,0,2
BRDA:209,40,1,102
BRDA:213,41,0,1
BRDA:213,41,1,155
BRDA:215,42,0,4
BRDA:215,42,1,151
BRDA:223,43,0,1
BRDA:223,43,1,101
BRDA:229,44,0,7
BRDA:229,44,1,104
BRDA:230,45,0,2
BRDA:230,45,1,5
BRDA:232,46,0,1
BRDA:232,46,1,4
BRDA:232,47,0,5
BRDA:232,47,1,5
BRDA:240,48,0,7
BRDA:240,48,1,104
BRDA:242,49,0,2
BRDA:242,49,1,102
BRDA:250,50,0,8
BRDA:250,50,1,103
BRDA:251,51,0,1
BRDA:251,51,1,7
BRDA:254,52,0,2
BRDA:254,52,1,5
BRDA:258,53,0,1
BRDA:258,53,1,6
BRDA:263,54,0,1
BRDA:263,54,1,6
BRDA:263,55,0,7
BRDA:263,55,1,1
BRDA:272,56,0,8
BRDA:272,56,1,103
BRF:115
BRH:113
end_of_record
