TN:
SF:src\client\services\TaxonomyService.ts
FN:32,normalizeText
FN:44,calculateSimilarity
FN:68,(anonymous_11)
FN:69,(anonymous_12)
FN:91,(anonymous_13)
FN:102,(anonymous_14)
FN:120,(anonymous_15)
FN:121,(anonymous_16)
FN:177,(anonymous_17)
FN:184,(anonymous_18)
FN:191,(anonymous_19)
FN:192,(anonymous_20)
FN:198,(anonymous_21)
FN:205,(anonymous_22)
FN:210,(anonymous_23)
FN:219,(anonymous_24)
FN:226,(anonymous_25)
FN:240,(anonymous_26)
FN:244,(anonymous_27)
FN:249,(anonymous_28)
FN:253,(anonymous_29)
FN:254,(anonymous_30)
FN:256,(anonymous_31)
FN:262,(anonymous_32)
FN:280,(anonymous_33)
FN:289,(anonymous_34)
FN:324,(anonymous_35)
FN:337,(anonymous_36)
FN:352,(anonymous_37)
FN:357,(anonymous_38)
FN:363,(anonymous_39)
FN:367,(anonymous_40)
FN:373,(anonymous_41)
FN:409,getTaxonomyService
FNF:34
FNH:34
FNDA:1577,normalizeText
FNDA:7781,calculateSimilarity
FNDA:7778,(anonymous_11)
FNDA:35270,(anonymous_12)
FNDA:3,(anonymous_13)
FNDA:4,(anonymous_14)
FNDA:2,(anonymous_15)
FNDA:1560,(anonymous_16)
FNDA:2,(anonymous_17)
FNDA:3,(anonymous_18)
FNDA:3,(anonymous_19)
FNDA:132,(anonymous_20)
FNDA:4,(anonymous_21)
FNDA:10,(anonymous_22)
FNDA:2,(anonymous_23)
FNDA:2,(anonymous_24)
FNDA:13,(anonymous_25)
FNDA:2331,(anonymous_26)
FNDA:777,(anonymous_27)
FNDA:7781,(anonymous_28)
FNDA:7781,(anonymous_29)
FNDA:102,(anonymous_30)
FNDA:46,(anonymous_31)
FNDA:6,(anonymous_32)
FNDA:4,(anonymous_33)
FNDA:13,(anonymous_34)
FNDA:3,(anonymous_35)
FNDA:2,(anonymous_36)
FNDA:2,(anonymous_37)
FNDA:1,(anonymous_38)
FNDA:3,(anonymous_39)
FNDA:162,(anonymous_40)
FNDA:4,(anonymous_41)
FNDA:3,getTaxonomyService
DA:15,1
DA:16,1
DA:24,1
DA:33,1577
DA:45,7781
DA:46,7781
DA:49,7781
DA:52,7778
DA:58,7778
DA:60,900
DA:61,900
DA:62,6878
DA:64,0
DA:68,7778
DA:69,35270
DA:71,7778
DA:72,7001
DA:73,7001
DA:74,7001
DA:76,30822
DA:77,30822
DA:78,43
DA:79,43
DA:84,7001
DA:85,7001
DA:88,7778
DA:91,1
DA:92,3
DA:93,3
DA:94,3
DA:95,3
DA:96,3
DA:103,4
DA:105,3
DA:107,3
DA:108,3
DA:109,2
DA:110,2
DA:111,2
DA:113,1
DA:121,2
DA:123,1560
DA:124,6
DA:125,6
DA:126,94
DA:129,6
DA:132,1554
DA:143,1554
DA:146,1554
DA:147,1554
DA:148,1548
DA:150,1554
DA:153,1554
DA:156,1554
DA:157,1554
DA:158,90
DA:160,1554
DA:164,1554
DA:165,392
DA:166,1464
DA:171,2
DA:178,2
DA:185,3
DA:192,132
DA:199,4
DA:206,10
DA:207,10
DA:209,10
DA:210,3
DA:213,7
DA:220,2
DA:232,13
DA:234,13
DA:237,13
DA:239,13
DA:240,2331
DA:243,13
DA:244,777
DA:248,13
DA:249,7781
DA:253,7781
DA:254,102
DA:256,46
DA:264,6
DA:265,6
DA:266,2
DA:270,4
DA:276,4
DA:280,4
DA:294,13
DA:295,13
DA:298,13
DA:299,5
DA:303,13
DA:304,1
DA:305,1
DA:306,1
DA:308,1
DA:309,1
DA:314,13
DA:329,3
DA:330,3
DA:332,3
DA:333,8
DA:334,8
DA:336,8
DA:337,2
DA:341,3
DA:353,2
DA:354,2
DA:357,1
DA:364,3
DA:365,3
DA:367,162
DA:379,4
DA:380,4
DA:381,4
DA:383,4
DA:384,3108
DA:385,3108
DA:387,3108
DA:388,2324
DA:390,784
DA:394,4
DA:404,1
DA:409,1
DA:410,3
DA:411,1
DA:412,1
DA:414,3
LF:130
LH:129
BRDA:49,0,0,3
BRDA:49,0,1,7778
BRDA:58,1,0,900
BRDA:58,1,1,6878
BRDA:62,2,0,0
BRDA:62,2,1,6878
BRDA:71,3,0,7001
BRDA:71,3,1,777
BRDA:71,4,0,7778
BRDA:71,4,1,7001
BRDA:77,5,0,43
BRDA:77,5,1,30779
BRDA:103,6,0,1
BRDA:103,6,1,3
BRDA:105,7,0,3
BRDA:105,7,1,1
BRDA:123,8,0,6
BRDA:123,8,1,1554
BRDA:123,9,0,1560
BRDA:123,9,1,6
BRDA:123,9,2,4
BRDA:124,10,0,6
BRDA:124,10,1,0
BRDA:147,11,0,1548
BRDA:147,11,1,6
BRDA:156,12,0,1554
BRDA:156,12,1,0
BRDA:157,13,0,90
BRDA:157,13,1,1464
BRDA:164,14,0,392
BRDA:164,14,1,1162
BRDA:199,15,0,4
BRDA:199,15,1,1
BRDA:207,16,0,10
BRDA:207,16,1,5
BRDA:209,17,0,3
BRDA:209,17,1,7
BRDA:226,18,0,4
BRDA:229,19,0,12
BRDA:230,20,0,8
BRDA:231,21,0,8
BRDA:239,22,0,3
BRDA:239,22,1,10
BRDA:239,23,0,13
BRDA:239,23,1,3
BRDA:243,24,0,1
BRDA:243,24,1,12
BRDA:265,25,0,2
BRDA:265,25,1,4
BRDA:271,26,0,1
BRDA:271,26,1,3
BRDA:279,27,0,1
BRDA:279,27,1,3
BRDA:298,28,0,5
BRDA:298,28,1,8
BRDA:298,29,0,13
BRDA:298,29,1,10
BRDA:303,30,0,1
BRDA:303,30,1,12
BRDA:303,31,0,13
BRDA:303,31,1,1
BRDA:308,32,0,1
BRDA:308,32,1,0
BRDA:309,33,0,1
BRDA:309,33,1,0
BRDA:336,34,0,2
BRDA:336,34,1,6
BRDA:354,35,0,1
BRDA:354,35,1,1
BRDA:357,36,0,1
BRDA:357,36,1,1
BRDA:365,37,0,1
BRDA:365,37,1,2
BRDA:384,38,0,3108
BRDA:384,38,1,0
BRDA:385,39,0,3108
BRDA:385,39,1,180
BRDA:387,40,0,2324
BRDA:387,40,1,784
BRDA:410,41,0,1
BRDA:410,41,1,2
BRF:81
BRH:75
end_of_record
TN:
SF:src\client\utils\LegalFormMapper.ts
FN:35,mapLegalForm
FNF:1
FNH:1
FNDA:24,mapLegalForm
DA:8,1
DA:35,1
DA:36,24
LF:3
LH:3
BRDA:36,0,0,24
BRDA:36,0,1,7
BRF:2
BRH:2
end_of_record
TN:
SF:src\client\utils\LevenshteinDistance.ts
FN:30,levenshteinDistance
FN:143,levenshteinSimilarity
FN:197,normalizeForComparison
FN:220,findBestMatches
FN:282,(anonymous_4)
FN:296,findClosestMatch
FNF:6
FNH:6
FNDA:37901,levenshteinDistance
FNDA:38698,levenshteinSimilarity
FNDA:15704,normalizeForComparison
FNDA:14,findBestMatches
FNDA:46,(anonymous_4)
FNDA:7,findClosestMatch
DA:30,2
DA:36,37901
DA:37,37901
DA:40,37901
DA:42,37899
DA:43,37899
DA:46,37899
DA:47,37897
DA:50,37895
DA:51,23832
DA:55,14063
DA:56,14063
DA:57,14063
DA:58,14063
DA:60,14063
DA:61,4133
DA:62,4133
DA:63,4133
DA:64,4133
DA:69,14063
DA:70,14063
DA:71,14063
DA:74,14063
DA:75,130853
DA:79,14063
DA:81,141209
DA:82,1671459
DA:85,141209
DA:86,141209
DA:89,141209
DA:91,141209
DA:92,1530250
DA:95,1530250
DA:98,1530250
DA:99,1530250
DA:100,1530250
DA:102,1530250
DA:106,1530250
DA:107,1286314
DA:108,1286314
DA:111,1286314
DA:112,5474
DA:113,5474
DA:117,1530250
DA:118,1530250
DA:122,141209
DA:123,13375
DA:127,127834
DA:128,1548575
DA:132,688
DA:143,2
DA:153,38698
DA:155,38698
DA:156,38698
DA:159,38698
DA:160,8
DA:161,8
DA:165,38698
DA:168,38666
DA:169,785
DA:172,37881
DA:177,37881
DA:181,37881
DA:184,37881
DA:185,37453
DA:188,428
DA:197,2
DA:198,15704
DA:220,2
DA:232,14
DA:234,14
DA:236,14
DA:238,14
DA:239,78
DA:240,78
DA:246,78
DA:247,78
DA:250,78
DA:251,78
DA:252,93
DA:253,87
DA:254,141
DA:255,10
DA:256,10
DA:259,87
DA:263,78
DA:269,78
DA:270,78
DA:271,24
DA:272,54
DA:273,0
DA:276,78
DA:277,37
DA:282,46
DA:284,14
DA:296,2
DA:301,7
DA:303,7
DA:304,7
DA:306,7
DA:307,15
DA:310,15
DA:311,3
DA:314,12
DA:319,12
DA:320,1
DA:321,1
DA:324,1
DA:328,4
LF:109
LH:108
BRDA:33,0,0,17
BRDA:36,1,0,37901
BRDA:36,1,1,3
BRDA:37,2,0,37901
BRDA:37,2,1,3
BRDA:40,3,0,2
BRDA:40,3,1,37899
BRDA:46,4,0,2
BRDA:46,4,1,37897
BRDA:47,5,0,2
BRDA:47,5,1,37895
BRDA:50,6,0,23832
BRDA:50,6,1,14063
BRDA:60,7,0,4133
BRDA:60,7,1,9930
BRDA:95,8,0,75116
BRDA:95,8,1,1455134
BRDA:106,9,0,1286314
BRDA:106,9,1,243936
BRDA:106,10,0,1530250
BRDA:106,10,1,1413460
BRDA:111,11,0,5474
BRDA:111,11,1,1280840
BRDA:111,12,0,1286314
BRDA:111,12,1,61963
BRDA:122,13,0,13375
BRDA:122,13,1,127834
BRDA:146,14,0,6
BRDA:153,15,0,7
BRDA:153,16,0,7
BRDA:155,17,0,38698
BRDA:155,17,1,784
BRDA:156,18,0,38698
BRDA:156,18,1,1
BRDA:159,19,0,8
BRDA:159,19,1,38690
BRDA:165,20,0,32
BRDA:165,20,1,38666
BRDA:168,21,0,785
BRDA:168,21,1,37881
BRDA:168,22,0,38666
BRDA:168,22,1,37882
BRDA:177,23,0,37878
BRDA:177,23,1,3
BRDA:184,24,0,37453
BRDA:184,24,1,428
BRDA:185,25,0,37453
BRDA:185,25,1,0
BRDA:223,26,0,11
BRDA:232,27,0,12
BRDA:232,28,0,13
BRDA:232,29,0,14
BRDA:234,30,0,14
BRDA:234,30,1,0
BRDA:240,31,0,78
BRDA:240,31,1,0
BRDA:252,32,0,6
BRDA:252,32,1,87
BRDA:254,33,0,10
BRDA:254,33,1,131
BRDA:254,34,0,141
BRDA:254,34,1,131
BRDA:259,35,0,10
BRDA:259,35,1,77
BRDA:264,36,0,10
BRDA:264,36,1,68
BRDA:270,37,0,24
BRDA:270,37,1,54
BRDA:272,38,0,0
BRDA:272,38,1,54
BRDA:276,39,0,37
BRDA:276,39,1,41
BRDA:299,40,0,5
BRDA:310,41,0,3
BRDA:310,41,1,12
BRDA:319,42,0,1
BRDA:319,42,1,11
BRDA:324,43,0,0
BRDA:324,43,1,1
BRF:79
BRH:74
end_of_record
TN:
SF:src\types\dpma.ts
FN:11,(anonymous_0)
FN:17,(anonymous_1)
FN:34,(anonymous_2)
FN:40,(anonymous_3)
FN:46,(anonymous_4)
FNF:5
FNH:5
FNDA:1,(anonymous_0)
FNDA:1,(anonymous_1)
FNDA:1,(anonymous_2)
FNDA:1,(anonymous_3)
FNDA:1,(anonymous_4)
DA:11,1
DA:12,1
DA:13,1
DA:17,1
DA:18,1
DA:19,1
DA:20,1
DA:21,1
DA:22,1
DA:23,1
DA:24,1
DA:25,1
DA:26,1
DA:27,1
DA:28,1
DA:29,1
DA:30,1
DA:34,1
DA:35,1
DA:36,1
DA:40,1
DA:41,1
DA:42,1
DA:46,1
DA:47,1
DA:48,1
DA:628,1
DA:639,1
LF:28
LH:28
BRDA:11,0,0,1
BRDA:11,0,1,1
BRDA:17,1,0,1
BRDA:17,1,1,1
BRDA:34,2,0,1
BRDA:34,2,1,1
BRDA:40,3,0,1
BRDA:40,3,1,1
BRDA:46,4,0,1
BRDA:46,4,1,1
BRF:10
BRH:10
end_of_record
TN:
SF:src\validation\validateRequest.ts
FN:28,isValidEmail
FN:36,isValidCountryCode
FN:43,isValidGermanZip
FN:50,isValidIBAN
FN:58,isValidBIC
FN:65,isValidNiceClass
FN:72,validateTrademarkRequest
FN:210,(anonymous_7)
FN:219,(anonymous_8)
FN:230,(anonymous_9)
FN:283,isValidRequest
FNF:11
FNH:8
FNDA:54,isValidEmail
FNDA:54,isValidCountryCode
FNDA:50,isValidGermanZip
FNDA:0,isValidIBAN
FNDA:0,isValidBIC
FNDA:59,isValidNiceClass
FNDA:60,validateTrademarkRequest
FNDA:58,(anonymous_7)
FNDA:58,(anonymous_8)
FNDA:3,(anonymous_9)
FNDA:0,isValidRequest
DA:6,1
DA:29,54
DA:30,54
DA:37,54
DA:44,50
DA:51,0
DA:52,0
DA:59,0
DA:66,59
DA:72,1
DA:73,60
DA:76,60
DA:77,3
DA:83,57
DA:88,57
DA:89,1
DA:91,56
DA:93,56
DA:94,1
DA:100,56
DA:101,53
DA:103,53
DA:104,2
DA:106,53
DA:107,1
DA:109,3
DA:110,2
DA:112,2
DA:113,1
DA:118,56
DA:119,1
DA:121,55
DA:123,55
DA:124,1
DA:126,55
DA:127,1
DA:128,54
DA:129,1
DA:131,55
DA:132,1
DA:134,55
DA:135,1
DA:136,54
DA:137,2
DA:145,57
DA:146,3
DA:148,54
DA:149,1
DA:151,54
DA:152,1
DA:159,57
DA:160,3
DA:161,54
DA:162,3
DA:168,57
DA:169,2
DA:171,55
DA:173,55
DA:174,1
DA:180,55
DA:181,51
DA:182,2
DA:183,49
DA:184,1
DA:188,55
DA:189,2
DA:190,1
DA:194,55
DA:196,1
DA:197,1
DA:205,57
DA:206,2
DA:207,55
DA:208,1
DA:210,54
DA:211,58
DA:212,1
DA:213,57
DA:214,2
DA:219,58
DA:220,54
DA:221,54
DA:222,1
DA:227,57
DA:228,2
DA:229,0
DA:230,3
DA:231,1
DA:238,57
DA:239,3
DA:240,54
DA:241,1
DA:248,57
DA:249,5
DA:250,1
DA:252,4
DA:253,1
DA:256,4
DA:257,1
DA:261,4
DA:262,1
DA:270,57
DA:271,4
DA:274,57
DA:283,1
DA:287,0
LF:106
LH:101
BRDA:66,0,0,59
BRDA:66,0,1,59
BRDA:66,0,2,58
BRDA:76,1,0,3
BRDA:76,1,1,57
BRDA:76,2,0,60
BRDA:76,2,1,58
BRDA:88,3,0,1
BRDA:88,3,1,56
BRDA:93,4,0,1
BRDA:93,4,1,55
BRDA:93,5,0,56
BRDA:93,5,1,56
BRDA:100,6,0,53
BRDA:100,6,1,3
BRDA:103,7,0,2
BRDA:103,7,1,51
BRDA:106,8,0,1
BRDA:106,8,1,52
BRDA:109,9,0,2
BRDA:109,9,1,1
BRDA:112,10,0,1
BRDA:112,10,1,1
BRDA:118,11,0,1
BRDA:118,11,1,55
BRDA:123,12,0,1
BRDA:123,12,1,54
BRDA:126,13,0,1
BRDA:126,13,1,54
BRDA:128,14,0,1
BRDA:128,14,1,53
BRDA:128,15,0,54
BRDA:128,15,1,50
BRDA:131,16,0,1
BRDA:131,16,1,54
BRDA:134,17,0,1
BRDA:134,17,1,54
BRDA:136,18,0,2
BRDA:136,18,1,52
BRDA:145,19,0,3
BRDA:145,19,1,54
BRDA:148,20,0,1
BRDA:148,20,1,53
BRDA:151,21,0,1
BRDA:151,21,1,53
BRDA:159,22,0,3
BRDA:159,22,1,54
BRDA:161,23,0,3
BRDA:161,23,1,51
BRDA:168,24,0,2
BRDA:168,24,1,55
BRDA:173,25,0,1
BRDA:173,25,1,54
BRDA:173,26,0,55
BRDA:173,26,1,55
BRDA:180,27,0,51
BRDA:180,27,1,4
BRDA:181,28,0,2
BRDA:181,28,1,49
BRDA:181,29,0,51
BRDA:181,29,1,50
BRDA:183,30,0,1
BRDA:183,30,1,48
BRDA:188,31,0,2
BRDA:188,31,1,53
BRDA:189,32,0,1
BRDA:189,32,1,1
BRDA:189,33,0,2
BRDA:189,33,1,1
BRDA:194,34,0,1
BRDA:194,34,1,54
BRDA:196,35,0,1
BRDA:196,35,1,0
BRDA:196,36,0,1
BRDA:196,36,1,0
BRDA:205,37,0,2
BRDA:205,37,1,55
BRDA:205,38,0,57
BRDA:205,38,1,55
BRDA:207,39,0,1
BRDA:207,39,1,54
BRDA:211,40,0,1
BRDA:211,40,1,57
BRDA:213,41,0,2
BRDA:213,41,1,55
BRDA:221,42,0,1
BRDA:221,42,1,53
BRDA:227,43,0,2
BRDA:227,43,1,55
BRDA:228,44,0,0
BRDA:228,44,1,2
BRDA:230,45,0,1
BRDA:230,45,1,1
BRDA:230,46,0,2
BRDA:230,46,1,2
BRDA:238,47,0,3
BRDA:238,47,1,54
BRDA:240,48,0,1
BRDA:240,48,1,53
BRDA:248,49,0,5
BRDA:248,49,1,52
BRDA:249,50,0,1
BRDA:249,50,1,4
BRDA:252,51,0,1
BRDA:252,51,1,3
BRDA:256,52,0,1
BRDA:256,52,1,3
BRDA:261,53,0,1
BRDA:261,53,1,3
BRDA:261,54,0,4
BRDA:261,54,1,1
BRDA:270,55,0,4
BRDA:270,55,1,53
BRF:113
BRH:110
end_of_record
